<?xml version="1.0" encoding="UTF-8"?>
<testng-results skipped="0" failed="0" ignored="0" total="1" passed="1">
  <reporter-output>
  </reporter-output>
  <suite name="Command line suite" duration-ms="68577" started-at="2019-04-15T09:12:58Z" finished-at="2019-04-15T09:14:07Z">
    <groups>
    </groups>
    <test name="Command line test" duration-ms="68577" started-at="2019-04-15T09:12:58Z" finished-at="2019-04-15T09:14:07Z">
      <class name="com.tyremarket.Utilities.Create_TestNGXML">
        <test-method status="PASS" signature="createXMLfile()[pri:0, instance:com.tyremarket.Utilities.Create_TestNGXML@1c6b6478]" name="createXMLfile" duration-ms="68536" started-at="2019-04-15T14:42:58Z" finished-at="2019-04-15T14:44:07Z">
          <reporter-output>
          </reporter-output>
        </test-method> <!-- createXMLfile -->
      </class> <!-- com.tyremarket.Utilities.Create_TestNGXML -->
    </test> <!-- Command line test -->
  </suite> <!-- Command line suite -->
</testng-results>
