<?xml version="1.0" encoding="UTF-8"?>
<!-- Generated by org.testng.reporters.JUnitXMLReporter -->
<testsuite hostname="SIPL-SU142" ignored="0" name="TC 02 to verify-Filter tyres brand_And_Add_to_Cart_Instance_1" tests="1" failures="0" timestamp="15 Apr 2019 09:14:07 GMT" time="64.19" errors="0">
  <testcase name="TC_filterTyreBrand_addToCart" time="64.186" classname="com.tyremarket.Tests.AddToCartByFilter_Brand_Test"/>
</testsuite> <!-- TC 02 to verify-Filter tyres brand_And_Add_to_Cart_Instance_1 -->
